<?xml version="1.0" encoding="UTF-8"?>
<!-- Generated by org.testng.reporters.JUnitReportReporter -->
<testsuite skipped="0" hostname="TYSS-4F-083" name="com.dempApk.testScripts.DemoTest" tests="1" failures="0" timestamp="31 May 2018 11:39:05 GMT" time="39.926" errors="0">
  <testcase name="install" time="39.926" classname="com.dempApk.testScripts.DemoTest"/>
</testsuite> <!-- com.dempApk.testScripts.DemoTest -->
